
; 64tass Turbo Assembler Macro V1.54.1900 listing file
; 64tass -a --m4510 -b -L rom.lst -o rom.bin test.asm
; Fri Jul 26 03:36:09 2019

;Offset	;Hex		;Monitor	;Source

;******  Processing input file: test.asm

>0000	00						.byte 	0
.e000					PETFont:
>e000	3c 66 6e 6e 60 62 3c 00				.binary "c64-chargen.rom"
>e008	18 3c 66 7e 66 66 66 00 7c 66 66 7c 66 66 7c 00
>e018	3c 66 60 60 60 66 3c 00 78 6c 66 66 66 6c 78 00
>e028	7e 60 60 78 60 60 7e 00 7e 60 60 78 60 60 60 00
>e038	3c 66 60 6e 66 66 3c 00 66 66 66 7e 66 66 66 00
>e048	3c 18 18 18 18 18 3c 00 1e 0c 0c 0c 0c 6c 38 00
>e058	66 6c 78 70 78 6c 66 00 60 60 60 60 60 60 7e 00
>e068	63 77 7f 6b 63 63 63 00 66 76 7e 7e 6e 66 66 00
>e078	3c 66 66 66 66 66 3c 00 7c 66 66 7c 60 60 60 00
>e088	3c 66 66 66 66 3c 0e 00 7c 66 66 7c 78 6c 66 00
>e098	3c 66 60 3c 06 66 3c 00 7e 18 18 18 18 18 18 00
>e0a8	66 66 66 66 66 66 3c 00 66 66 66 66 66 3c 18 00
>e0b8	63 63 63 6b 7f 77 63 00 66 66 3c 18 3c 66 66 00
>e0c8	66 66 66 3c 18 18 18 00 7e 06 0c 18 30 60 7e 00
>e0d8	3c 30 30 30 30 30 3c 00 0c 12 30 7c 30 62 fc 00
>e0e8	3c 0c 0c 0c 0c 0c 3c 00 00 18 3c 7e 18 18 18 18
>e0f8	00 10 30 7f 7f 30 10 00 00 00 00 00 00 00 00 00
>e108	18 18 18 18 00 00 18 00 66 66 66 00 00 00 00 00
>e118	66 66 ff 66 ff 66 66 00 18 3e 60 3c 06 7c 18 00
>e128	62 66 0c 18 30 66 46 00 3c 66 3c 38 67 66 3f 00
>e138	06 0c 18 00 00 00 00 00 0c 18 30 30 30 18 0c 00
>e148	30 18 0c 0c 0c 18 30 00 00 66 3c ff 3c 66 00 00
>e158	00 18 18 7e 18 18 00 00 00 00 00 00 00 18 18 30
>e168	00 00 00 7e 00 00 00 00 00 00 00 00 00 18 18 00
>e178	00 03 06 0c 18 30 60 00 3c 66 6e 76 66 66 3c 00
>e188	18 18 38 18 18 18 7e 00 3c 66 06 0c 30 60 7e 00
>e198	3c 66 06 1c 06 66 3c 00 06 0e 1e 66 7f 06 06 00
>e1a8	7e 60 7c 06 06 66 3c 00 3c 66 60 7c 66 66 3c 00
>e1b8	7e 66 0c 18 18 18 18 00 3c 66 66 3c 66 66 3c 00
>e1c8	3c 66 66 3e 06 66 3c 00 00 00 18 00 00 18 00 00
>e1d8	00 00 18 00 00 18 18 30 0e 18 30 60 30 18 0e 00
>e1e8	00 00 7e 00 7e 00 00 00 70 18 0c 06 0c 18 70 00
>e1f8	3c 66 06 0c 18 00 18 00 00 00 00 ff ff 00 00 00
>e208	08 1c 3e 7f 7f 1c 3e 00 18 18 18 18 18 18 18 18
>e218	00 00 00 ff ff 00 00 00 00 00 ff ff 00 00 00 00
>e228	00 ff ff 00 00 00 00 00 00 00 00 00 ff ff 00 00
>e238	30 30 30 30 30 30 30 30 0c 0c 0c 0c 0c 0c 0c 0c
>e248	00 00 00 e0 f0 38 18 18 18 18 1c 0f 07 00 00 00
>e258	18 18 38 f0 e0 00 00 00 c0 c0 c0 c0 c0 c0 ff ff
>e268	c0 e0 70 38 1c 0e 07 03 03 07 0e 1c 38 70 e0 c0
>e278	ff ff c0 c0 c0 c0 c0 c0 ff ff 03 03 03 03 03 03
>e288	00 3c 7e 7e 7e 7e 3c 00 00 00 00 00 00 ff ff 00
>e298	36 7f 7f 7f 3e 1c 08 00 60 60 60 60 60 60 60 60
>e2a8	00 00 00 07 0f 1c 18 18 c3 e7 7e 3c 3c 7e e7 c3
>e2b8	00 3c 7e 66 66 7e 3c 00 18 18 66 66 18 18 3c 00
>e2c8	06 06 06 06 06 06 06 06 08 1c 3e 7f 3e 1c 08 00
>e2d8	18 18 18 ff ff 18 18 18 c0 c0 30 30 c0 c0 30 30
>e2e8	18 18 18 18 18 18 18 18 00 00 03 3e 76 36 36 00
>e2f8	ff 7f 3f 1f 0f 07 03 01 00 00 00 00 00 00 00 00
>e308	f0 f0 f0 f0 f0 f0 f0 f0 00 00 00 00 ff ff ff ff
>e318	ff 00 00 00 00 00 00 00 00 00 00 00 00 00 00 ff
>e328	c0 c0 c0 c0 c0 c0 c0 c0 cc cc 33 33 cc cc 33 33
>e338	03 03 03 03 03 03 03 03 00 00 00 00 cc cc 33 33
>e348	ff fe fc f8 f0 e0 c0 80 03 03 03 03 03 03 03 03
>e358	18 18 18 1f 1f 18 18 18 00 00 00 00 0f 0f 0f 0f
>e368	18 18 18 1f 1f 00 00 00 00 00 00 f8 f8 18 18 18
>e378	00 00 00 00 00 00 ff ff 00 00 00 1f 1f 18 18 18
>e388	18 18 18 ff ff 00 00 00 00 00 00 ff ff 18 18 18
>e398	18 18 18 f8 f8 18 18 18 c0 c0 c0 c0 c0 c0 c0 c0
>e3a8	e0 e0 e0 e0 e0 e0 e0 e0 07 07 07 07 07 07 07 07
>e3b8	ff ff 00 00 00 00 00 00 ff ff ff 00 00 00 00 00
>e3c8	00 00 00 00 00 ff ff ff 03 03 03 03 03 03 ff ff
>e3d8	00 00 00 00 f0 f0 f0 f0 0f 0f 0f 0f 00 00 00 00
>e3e8	18 18 18 f8 f8 00 00 00 f0 f0 f0 f0 00 00 00 00
>e3f8	f0 f0 f0 f0 0f 0f 0f 0f c3 99 91 91 9f 99 c3 ff
>e408	e7 c3 99 81 99 99 99 ff 83 99 99 83 99 99 83 ff
>e418	c3 99 9f 9f 9f 99 c3 ff 87 93 99 99 99 93 87 ff
>e428	81 9f 9f 87 9f 9f 81 ff 81 9f 9f 87 9f 9f 9f ff
>e438	c3 99 9f 91 99 99 c3 ff 99 99 99 81 99 99 99 ff
>e448	c3 e7 e7 e7 e7 e7 c3 ff e1 f3 f3 f3 f3 93 c7 ff
>e458	99 93 87 8f 87 93 99 ff 9f 9f 9f 9f 9f 9f 81 ff
>e468	9c 88 80 94 9c 9c 9c ff 99 89 81 81 91 99 99 ff
>e478	c3 99 99 99 99 99 c3 ff 83 99 99 83 9f 9f 9f ff
>e488	c3 99 99 99 99 c3 f1 ff 83 99 99 83 87 93 99 ff
>e498	c3 99 9f c3 f9 99 c3 ff 81 e7 e7 e7 e7 e7 e7 ff
>e4a8	99 99 99 99 99 99 c3 ff 99 99 99 99 99 c3 e7 ff
>e4b8	9c 9c 9c 94 80 88 9c ff 99 99 c3 e7 c3 99 99 ff
>e4c8	99 99 99 c3 e7 e7 e7 ff 81 f9 f3 e7 cf 9f 81 ff
>e4d8	c3 cf cf cf cf cf c3 ff f3 ed cf 83 cf 9d 03 ff
>e4e8	c3 f3 f3 f3 f3 f3 c3 ff ff e7 c3 81 e7 e7 e7 e7
>e4f8	ff ef cf 80 80 cf ef ff ff ff ff ff ff ff ff ff
>e508	e7 e7 e7 e7 ff ff e7 ff 99 99 99 ff ff ff ff ff
>e518	99 99 00 99 00 99 99 ff e7 c1 9f c3 f9 83 e7 ff
>e528	9d 99 f3 e7 cf 99 b9 ff c3 99 c3 c7 98 99 c0 ff
>e538	f9 f3 e7 ff ff ff ff ff f3 e7 cf cf cf e7 f3 ff
>e548	cf e7 f3 f3 f3 e7 cf ff ff 99 c3 00 c3 99 ff ff
>e558	ff e7 e7 81 e7 e7 ff ff ff ff ff ff ff e7 e7 cf
>e568	ff ff ff 81 ff ff ff ff ff ff ff ff ff e7 e7 ff
>e578	ff fc f9 f3 e7 cf 9f ff c3 99 91 89 99 99 c3 ff
>e588	e7 e7 c7 e7 e7 e7 81 ff c3 99 f9 f3 cf 9f 81 ff
>e598	c3 99 f9 e3 f9 99 c3 ff f9 f1 e1 99 80 f9 f9 ff
>e5a8	81 9f 83 f9 f9 99 c3 ff c3 99 9f 83 99 99 c3 ff
>e5b8	81 99 f3 e7 e7 e7 e7 ff c3 99 99 c3 99 99 c3 ff
>e5c8	c3 99 99 c1 f9 99 c3 ff ff ff e7 ff ff e7 ff ff
>e5d8	ff ff e7 ff ff e7 e7 cf f1 e7 cf 9f cf e7 f1 ff
>e5e8	ff ff 81 ff 81 ff ff ff 8f e7 f3 f9 f3 e7 8f ff
>e5f8	c3 99 f9 f3 e7 ff e7 ff ff ff ff 00 00 ff ff ff
>e608	f7 e3 c1 80 80 e3 c1 ff e7 e7 e7 e7 e7 e7 e7 e7
>e618	ff ff ff 00 00 ff ff ff ff ff 00 00 ff ff ff ff
>e628	ff 00 00 ff ff ff ff ff ff ff ff ff 00 00 ff ff
>e638	cf cf cf cf cf cf cf cf f3 f3 f3 f3 f3 f3 f3 f3
>e648	ff ff ff 1f 0f c7 e7 e7 e7 e7 e3 f0 f8 ff ff ff
>e658	e7 e7 c7 0f 1f ff ff ff 3f 3f 3f 3f 3f 3f 00 00
>e668	3f 1f 8f c7 e3 f1 f8 fc fc f8 f1 e3 c7 8f 1f 3f
>e678	00 00 3f 3f 3f 3f 3f 3f 00 00 fc fc fc fc fc fc
>e688	ff c3 81 81 81 81 c3 ff ff ff ff ff ff 00 00 ff
>e698	c9 80 80 80 c1 e3 f7 ff 9f 9f 9f 9f 9f 9f 9f 9f
>e6a8	ff ff ff f8 f0 e3 e7 e7 3c 18 81 c3 c3 81 18 3c
>e6b8	ff c3 81 99 99 81 c3 ff e7 e7 99 99 e7 e7 c3 ff
>e6c8	f9 f9 f9 f9 f9 f9 f9 f9 f7 e3 c1 80 c1 e3 f7 ff
>e6d8	e7 e7 e7 00 00 e7 e7 e7 3f 3f cf cf 3f 3f cf cf
>e6e8	e7 e7 e7 e7 e7 e7 e7 e7 ff ff fc c1 89 c9 c9 ff
>e6f8	00 80 c0 e0 f0 f8 fc fe ff ff ff ff ff ff ff ff
>e708	0f 0f 0f 0f 0f 0f 0f 0f ff ff ff ff 00 00 00 00
>e718	00 ff ff ff ff ff ff ff ff ff ff ff ff ff ff 00
>e728	3f 3f 3f 3f 3f 3f 3f 3f 33 33 cc cc 33 33 cc cc
>e738	fc fc fc fc fc fc fc fc ff ff ff ff 33 33 cc cc
>e748	00 01 03 07 0f 1f 3f 7f fc fc fc fc fc fc fc fc
>e758	e7 e7 e7 e0 e0 e7 e7 e7 ff ff ff ff f0 f0 f0 f0
>e768	e7 e7 e7 e0 e0 ff ff ff ff ff ff 07 07 e7 e7 e7
>e778	ff ff ff ff ff ff 00 00 ff ff ff e0 e0 e7 e7 e7
>e788	e7 e7 e7 00 00 ff ff ff ff ff ff 00 00 e7 e7 e7
>e798	e7 e7 e7 07 07 e7 e7 e7 3f 3f 3f 3f 3f 3f 3f 3f
>e7a8	1f 1f 1f 1f 1f 1f 1f 1f f8 f8 f8 f8 f8 f8 f8 f8
>e7b8	00 00 ff ff ff ff ff ff 00 00 00 ff ff ff ff ff
>e7c8	ff ff ff ff ff 00 00 00 fc fc fc fc fc fc 00 00
>e7d8	ff ff ff ff 0f 0f 0f 0f f0 f0 f0 f0 ff ff ff ff
>e7e8	e7 e7 e7 07 07 ff ff ff 0f 0f 0f 0f ff ff ff ff
>e7f8	0f 0f 0f 0f f0 f0 f0 f0 3c 66 6e 6e 60 62 3c 00
>e808	00 00 3c 06 3e 66 3e 00 00 60 60 7c 66 66 7c 00
>e818	00 00 3c 60 60 60 3c 00 00 06 06 3e 66 66 3e 00
>e828	00 00 3c 66 7e 60 3c 00 00 0e 18 3e 18 18 18 00
>e838	00 00 3e 66 66 3e 06 7c 00 60 60 7c 66 66 66 00
>e848	00 18 00 38 18 18 3c 00 00 06 00 06 06 06 06 3c
>e858	00 60 60 6c 78 6c 66 00 00 38 18 18 18 18 3c 00
>e868	00 00 66 7f 7f 6b 63 00 00 00 7c 66 66 66 66 00
>e878	00 00 3c 66 66 66 3c 00 00 00 7c 66 66 7c 60 60
>e888	00 00 3e 66 66 3e 06 06 00 00 7c 66 60 60 60 00
>e898	00 00 3e 60 3c 06 7c 00 00 18 7e 18 18 18 0e 00
>e8a8	00 00 66 66 66 66 3e 00 00 00 66 66 66 3c 18 00
>e8b8	00 00 63 6b 7f 3e 36 00 00 00 66 3c 18 3c 66 00
>e8c8	00 00 66 66 66 3e 0c 78 00 00 7e 0c 18 30 7e 00
>e8d8	3c 30 30 30 30 30 3c 00 0c 12 30 7c 30 62 fc 00
>e8e8	3c 0c 0c 0c 0c 0c 3c 00 00 18 3c 7e 18 18 18 18
>e8f8	00 10 30 7f 7f 30 10 00 00 00 00 00 00 00 00 00
>e908	18 18 18 18 00 00 18 00 66 66 66 00 00 00 00 00
>e918	66 66 ff 66 ff 66 66 00 18 3e 60 3c 06 7c 18 00
>e928	62 66 0c 18 30 66 46 00 3c 66 3c 38 67 66 3f 00
>e938	06 0c 18 00 00 00 00 00 0c 18 30 30 30 18 0c 00
>e948	30 18 0c 0c 0c 18 30 00 00 66 3c ff 3c 66 00 00
>e958	00 18 18 7e 18 18 00 00 00 00 00 00 00 18 18 30
>e968	00 00 00 7e 00 00 00 00 00 00 00 00 00 18 18 00
>e978	00 03 06 0c 18 30 60 00 3c 66 6e 76 66 66 3c 00
>e988	18 18 38 18 18 18 7e 00 3c 66 06 0c 30 60 7e 00
>e998	3c 66 06 1c 06 66 3c 00 06 0e 1e 66 7f 06 06 00
>e9a8	7e 60 7c 06 06 66 3c 00 3c 66 60 7c 66 66 3c 00
>e9b8	7e 66 0c 18 18 18 18 00 3c 66 66 3c 66 66 3c 00
>e9c8	3c 66 66 3e 06 66 3c 00 00 00 18 00 00 18 00 00
>e9d8	00 00 18 00 00 18 18 30 0e 18 30 60 30 18 0e 00
>e9e8	00 00 7e 00 7e 00 00 00 70 18 0c 06 0c 18 70 00
>e9f8	3c 66 06 0c 18 00 18 00 00 00 00 ff ff 00 00 00
>ea08	18 3c 66 7e 66 66 66 00 7c 66 66 7c 66 66 7c 00
>ea18	3c 66 60 60 60 66 3c 00 78 6c 66 66 66 6c 78 00
>ea28	7e 60 60 78 60 60 7e 00 7e 60 60 78 60 60 60 00
>ea38	3c 66 60 6e 66 66 3c 00 66 66 66 7e 66 66 66 00
>ea48	3c 18 18 18 18 18 3c 00 1e 0c 0c 0c 0c 6c 38 00
>ea58	66 6c 78 70 78 6c 66 00 60 60 60 60 60 60 7e 00
>ea68	63 77 7f 6b 63 63 63 00 66 76 7e 7e 6e 66 66 00
>ea78	3c 66 66 66 66 66 3c 00 7c 66 66 7c 60 60 60 00
>ea88	3c 66 66 66 66 3c 0e 00 7c 66 66 7c 78 6c 66 00
>ea98	3c 66 60 3c 06 66 3c 00 7e 18 18 18 18 18 18 00
>eaa8	66 66 66 66 66 66 3c 00 66 66 66 66 66 3c 18 00
>eab8	63 63 63 6b 7f 77 63 00 66 66 3c 18 3c 66 66 00
>eac8	66 66 66 3c 18 18 18 00 7e 06 0c 18 30 60 7e 00
>ead8	18 18 18 ff ff 18 18 18 c0 c0 30 30 c0 c0 30 30
>eae8	18 18 18 18 18 18 18 18 33 33 cc cc 33 33 cc cc
>eaf8	33 99 cc 66 33 99 cc 66 00 00 00 00 00 00 00 00
>eb08	f0 f0 f0 f0 f0 f0 f0 f0 00 00 00 00 ff ff ff ff
>eb18	ff 00 00 00 00 00 00 00 00 00 00 00 00 00 00 ff
>eb28	c0 c0 c0 c0 c0 c0 c0 c0 cc cc 33 33 cc cc 33 33
>eb38	03 03 03 03 03 03 03 03 00 00 00 00 cc cc 33 33
>eb48	cc 99 33 66 cc 99 33 66 03 03 03 03 03 03 03 03
>eb58	18 18 18 1f 1f 18 18 18 00 00 00 00 0f 0f 0f 0f
>eb68	18 18 18 1f 1f 00 00 00 00 00 00 f8 f8 18 18 18
>eb78	00 00 00 00 00 00 ff ff 00 00 00 1f 1f 18 18 18
>eb88	18 18 18 ff ff 00 00 00 00 00 00 ff ff 18 18 18
>eb98	18 18 18 f8 f8 18 18 18 c0 c0 c0 c0 c0 c0 c0 c0
>eba8	e0 e0 e0 e0 e0 e0 e0 e0 07 07 07 07 07 07 07 07
>ebb8	ff ff 00 00 00 00 00 00 ff ff ff 00 00 00 00 00
>ebc8	00 00 00 00 00 ff ff ff 01 03 06 6c 78 70 60 00
>ebd8	00 00 00 00 f0 f0 f0 f0 0f 0f 0f 0f 00 00 00 00
>ebe8	18 18 18 f8 f8 00 00 00 f0 f0 f0 f0 00 00 00 00
>ebf8	f0 f0 f0 f0 0f 0f 0f 0f c3 99 91 91 9f 99 c3 ff
>ec08	ff ff c3 f9 c1 99 c1 ff ff 9f 9f 83 99 99 83 ff
>ec18	ff ff c3 9f 9f 9f c3 ff ff f9 f9 c1 99 99 c1 ff
>ec28	ff ff c3 99 81 9f c3 ff ff f1 e7 c1 e7 e7 e7 ff
>ec38	ff ff c1 99 99 c1 f9 83 ff 9f 9f 83 99 99 99 ff
>ec48	ff e7 ff c7 e7 e7 c3 ff ff f9 ff f9 f9 f9 f9 c3
>ec58	ff 9f 9f 93 87 93 99 ff ff c7 e7 e7 e7 e7 c3 ff
>ec68	ff ff 99 80 80 94 9c ff ff ff 83 99 99 99 99 ff
>ec78	ff ff c3 99 99 99 c3 ff ff ff 83 99 99 83 9f 9f
>ec88	ff ff c1 99 99 c1 f9 f9 ff ff 83 99 9f 9f 9f ff
>ec98	ff ff c1 9f c3 f9 83 ff ff e7 81 e7 e7 e7 f1 ff
>eca8	ff ff 99 99 99 99 c1 ff ff ff 99 99 99 c3 e7 ff
>ecb8	ff ff 9c 94 80 c1 c9 ff ff ff 99 c3 e7 c3 99 ff
>ecc8	ff ff 99 99 99 c1 f3 87 ff ff 81 f3 e7 cf 81 ff
>ecd8	c3 cf cf cf cf cf c3 ff f3 ed cf 83 cf 9d 03 ff
>ece8	c3 f3 f3 f3 f3 f3 c3 ff ff e7 c3 81 e7 e7 e7 e7
>ecf8	ff ef cf 80 80 cf ef ff ff ff ff ff ff ff ff ff
>ed08	e7 e7 e7 e7 ff ff e7 ff 99 99 99 ff ff ff ff ff
>ed18	99 99 00 99 00 99 99 ff e7 c1 9f c3 f9 83 e7 ff
>ed28	9d 99 f3 e7 cf 99 b9 ff c3 99 c3 c7 98 99 c0 ff
>ed38	f9 f3 e7 ff ff ff ff ff f3 e7 cf cf cf e7 f3 ff
>ed48	cf e7 f3 f3 f3 e7 cf ff ff 99 c3 00 c3 99 ff ff
>ed58	ff e7 e7 81 e7 e7 ff ff ff ff ff ff ff e7 e7 cf
>ed68	ff ff ff 81 ff ff ff ff ff ff ff ff ff e7 e7 ff
>ed78	ff fc f9 f3 e7 cf 9f ff c3 99 91 89 99 99 c3 ff
>ed88	e7 e7 c7 e7 e7 e7 81 ff c3 99 f9 f3 cf 9f 81 ff
>ed98	c3 99 f9 e3 f9 99 c3 ff f9 f1 e1 99 80 f9 f9 ff
>eda8	81 9f 83 f9 f9 99 c3 ff c3 99 9f 83 99 99 c3 ff
>edb8	81 99 f3 e7 e7 e7 e7 ff c3 99 99 c3 99 99 c3 ff
>edc8	c3 99 99 c1 f9 99 c3 ff ff ff e7 ff ff e7 ff ff
>edd8	ff ff e7 ff ff e7 e7 cf f1 e7 cf 9f cf e7 f1 ff
>ede8	ff ff 81 ff 81 ff ff ff 8f e7 f3 f9 f3 e7 8f ff
>edf8	c3 99 f9 f3 e7 ff e7 ff ff ff ff 00 00 ff ff ff
>ee08	e7 c3 99 81 99 99 99 ff 83 99 99 83 99 99 83 ff
>ee18	c3 99 9f 9f 9f 99 c3 ff 87 93 99 99 99 93 87 ff
>ee28	81 9f 9f 87 9f 9f 81 ff 81 9f 9f 87 9f 9f 9f ff
>ee38	c3 99 9f 91 99 99 c3 ff 99 99 99 81 99 99 99 ff
>ee48	c3 e7 e7 e7 e7 e7 c3 ff e1 f3 f3 f3 f3 93 c7 ff
>ee58	99 93 87 8f 87 93 99 ff 9f 9f 9f 9f 9f 9f 81 ff
>ee68	9c 88 80 94 9c 9c 9c ff 99 89 81 81 91 99 99 ff
>ee78	c3 99 99 99 99 99 c3 ff 83 99 99 83 9f 9f 9f ff
>ee88	c3 99 99 99 99 c3 f1 ff 83 99 99 83 87 93 99 ff
>ee98	c3 99 9f c3 f9 99 c3 ff 81 e7 e7 e7 e7 e7 e7 ff
>eea8	99 99 99 99 99 99 c3 ff 99 99 99 99 99 c3 e7 ff
>eeb8	9c 9c 9c 94 80 88 9c ff 99 99 c3 e7 c3 99 99 ff
>eec8	99 99 99 c3 e7 e7 e7 ff 81 f9 f3 e7 cf 9f 81 ff
>eed8	e7 e7 e7 00 00 e7 e7 e7 3f 3f cf cf 3f 3f cf cf
>eee8	e7 e7 e7 e7 e7 e7 e7 e7 cc cc 33 33 cc cc 33 33
>eef8	cc 66 33 99 cc 66 33 99 ff ff ff ff ff ff ff ff
>ef08	0f 0f 0f 0f 0f 0f 0f 0f ff ff ff ff 00 00 00 00
>ef18	00 ff ff ff ff ff ff ff ff ff ff ff ff ff ff 00
>ef28	3f 3f 3f 3f 3f 3f 3f 3f 33 33 cc cc 33 33 cc cc
>ef38	fc fc fc fc fc fc fc fc ff ff ff ff 33 33 cc cc
>ef48	33 66 cc 99 33 66 cc 99 fc fc fc fc fc fc fc fc
>ef58	e7 e7 e7 e0 e0 e7 e7 e7 ff ff ff ff f0 f0 f0 f0
>ef68	e7 e7 e7 e0 e0 ff ff ff ff ff ff 07 07 e7 e7 e7
>ef78	ff ff ff ff ff ff 00 00 ff ff ff e0 e0 e7 e7 e7
>ef88	e7 e7 e7 00 00 ff ff ff ff ff ff 00 00 e7 e7 e7
>ef98	e7 e7 e7 07 07 e7 e7 e7 3f 3f 3f 3f 3f 3f 3f 3f
>efa8	1f 1f 1f 1f 1f 1f 1f 1f f8 f8 f8 f8 f8 f8 f8 f8
>efb8	00 00 ff ff ff ff ff ff 00 00 00 ff ff ff ff ff
>efc8	ff ff ff ff ff 00 00 00 fe fc f9 93 87 8f 9f ff
>efd8	ff ff ff ff 0f 0f 0f 0f f0 f0 f0 f0 ff ff ff ff
>efe8	e7 e7 e7 07 07 ff ff ff 0f 0f 0f 0f ff ff ff ff
>eff8	0f 0f 0f 0f f0 f0 f0 f0
>d000	00 d0						.word 	$D000
>c000	00 c0						.word 	$C000
>b000	00 b0						.word 	$B000
>a000	00 a0						.word 	$A000
>9000	00 90						.word 	$9000
>8000	00 80						.word 	$8000
.f000					Start:
.f000	a9 02		lda #$02			lda 	#$02 						; zap all memory.
.f002	85 03		sta $03				sta 	$03
.f004	a9 00		lda #$00			lda 	#$00
.f006	85 02		sta $02				sta 	$02
.f008	a0 00		ldy #$00	Fill1:	ldy 	#$00
.f00a	98		tya		Fill2:	tya
.f00b	4a		lsr a				lsr 	a
.f00c	a9 aa		lda #$aa			lda 	#$AA
.f00e	90 02		bcc $f012			bcc 	Fill3
.f010	a9 55		lda #$55			lda 	#$55
.f012					Fill3:
.f012	91 02		sta ($02),y			sta 	($02),y
.f014	c8		iny				iny
.f015	d0 f3		bne $f00a			bne 	Fill2
.f017	e6 03		inc $03				inc 	$03
.f019	a5 03		lda $03				lda 	$03
.f01b	c9 d0		cmp #$d0			cmp 	#$D0
.f01d	d0 e9		bne $f008			bne 	Fill1
.f01f					NoFill:
.f01f	a9 0f		lda #$0f			lda 	#$0F 						; set up to write to video system.
.f021	85 07		sta $07				sta 	$07
.f023	a9 fd		lda #$fd			lda 	#$FD
.f025	85 06		sta $06				sta 	$06
.f027	a9 30		lda #$30			lda 	#$30
.f029	85 05		sta $05				sta 	$05
.f02b	a9 00		lda #$00			lda 	#$00
.f02d	85 04		sta $04				sta 	$04
.f02f	a3 30		ldz #$30			ldz 	#$30
.f031	a9 40		lda #$40			lda 	#$40
.f033	ea		nop				nop
.f034	92 04		sta ($04),z			sta 	($04),z
.f036	a3 20		ldz #$20			ldz 	#$20
.f038	a9 00		lda #$00			lda 	#$00
.f03a	ea		nop				nop
.f03b	92 04		sta ($04),z			sta 	($04),z
.f03d	a3 21		ldz #$21			ldz 	#$21
.f03f	a9 00		lda #$00			lda 	#$00
.f041	ea		nop				nop
.f042	92 04		sta ($04),z			sta 	($04),z
.f044	a3 6f		ldz #$6f			ldz 	#$6F
.f046	a9 60		lda #$60			lda 	#$60
.f048	ea		nop				nop
.f049	92 04		sta ($04),z			sta 	($04),z
.f04b	a3 18		ldz #$18			ldz 	#$18
.f04d	a9 42		lda #$42			lda 	#$42
.f04f	ea		nop				nop
.f050	92 04		sta ($04),z			sta 	($04),z
.f052	a3 11		ldz #$11			ldz 	#$11
.f054	a9 1b		lda #$1b			lda 	#$1B
.f056	ea		nop				nop
.f057	92 04		sta ($04),z			sta 	($04),z
.f059	a3 16		ldz #$16			ldz 	#$16
.f05b	a9 c8		lda #$c8			lda 	#$C8
.f05d	ea		nop				nop
.f05e	92 04		sta ($04),z			sta 	($04),z
.f060	a3 54		ldz #$54			ldz 	#$54
.f062	a9 c5		lda #$c5			lda 	#$C5
.f064	ea		nop				nop
.f065	92 04		sta ($04),z			sta 	($04),z
.f067	a3 58		ldz #$58			ldz 	#$58
.f069	a9 50		lda #$50			lda 	#80
.f06b	ea		nop				nop
.f06c	92 04		sta ($04),z			sta 	($04),z
.f06e	a3 59		ldz #$59			ldz 	#$59
.f070	a9 00		lda #$00			lda 	#0
.f072	ea		nop				nop
.f073	92 04		sta ($04),z			sta 	($04),z
.f075	a3 00		ldz #$00			ldz 	#$00
.f077	a9 ff		lda #$ff			lda 	#$FF
.f079	ea		nop				nop
.f07a	92 04		sta ($04),z			sta 	($04),z
.f07c	a3 01		ldz #$01			ldz 	#$01
.f07e	a9 ff		lda #$ff			lda 	#$FF
.f080	ea		nop				nop
.f081	92 04		sta ($04),z			sta 	($04),z
.f083	a3 30		ldz #$30			ldz 	#$30
.f085	a9 04		lda #$04			lda 	#4
.f087	ea		nop				nop
.f088	92 04		sta ($04),z			sta 	($04),z
.f08a	a3 70		ldz #$70			ldz 	#$70
.f08c	a9 ff		lda #$ff			lda 	#$FF
.f08e	ea		nop				nop
.f08f	92 04		sta ($04),z			sta 	($04),z
.f091	a9 00		lda #$00			lda 	#$00						; colour RAM at $1F800-1FFFF (2kb)
.f093	85 0b		sta $0b				sta 	$0B 						; char RAM appears to be here.
.f095	a9 01		lda #$01			lda 	#$01
.f097	85 0a		sta $0a				sta 	$0A
.f099	a9 f8		lda #$f8			lda 	#$F8
.f09b	85 09		sta $09				sta 	$09
.f09d	a9 00		lda #$00			lda 	#$00
.f09f	85 08		sta $08				sta 	$08
.f0a1	a3 00		ldz #$00			ldz 	#0
.f0a3					SetColorRam:
.f0a3	6b		tza				tza
.f0a4	ea		nop				nop
.f0a5	92 08		sta ($08),z			sta 	($08),z
.f0a7	3b		dez				dez
.f0a8	d0 f9		bne $f0a3			bne 	SetColorRam
.f0aa	e6 09		inc $09				inc 	$09
.f0ac	d0 f5		bne $f0a3			bne 	SetColorRam
=$1000					Screen = $1000								; 2k screen RAM here
.f0ae	a2 00		ldx #$00			ldx 	#0
.f0b0					Clear2:
.f0b0	8a		txa				txa
.f0b1	29 01		and #$01			and 	#1									; odd bits write zero
.f0b3	49 01		eor #$01			eor 	#1
.f0b5	f0 02		beq $f0b9			beq 	_CL2Write
.f0b7	8a		txa				txa
.f0b8	4a		lsr a				lsr 	a
.f0b9					_CL2Write:
.f0b9	9d 00 10	sta $1000,x			sta 	Screen,x
.f0bc	9d 00 11	sta $1100,x			sta 	Screen+$100,x
.f0bf	9d 00 12	sta $1200,x			sta 	Screen+$200,x
.f0c2	9d 00 13	sta $1300,x			sta 	Screen+$300,x
.f0c5	9d 00 14	sta $1400,x			sta 	Screen+$400,x
.f0c8	9d 00 15	sta $1500,x			sta 	Screen+$500,x
.f0cb	9d 00 16	sta $1600,x			sta 	Screen+$600,x
.f0ce	9d 00 17	sta $1700,x			sta 	Screen+$700,x
.f0d1	e8		inx				inx
.f0d2	d0 dc		bne $f0b0			bne 	Clear2
=$800					CSet = $800
.f0d4	a2 00		ldx #$00			ldx 	#0
.f0d6					CopyPetFont:
.f0d6	bd 00 e0	lda $e000,x			lda 	PETFont,x
.f0d9	9d 00 08	sta $0800,x			sta 	CSet,x
.f0dc	bd 00 e1	lda $e100,x			lda 	PETFont+$100,x
.f0df	9d 00 09	sta $0900,x			sta 	CSet+$100,x
.f0e2	bd 00 e2	lda $e200,x			lda 	PETFont+$200,x
.f0e5	9d 00 0a	sta $0a00,x			sta 	CSet+$200,x
.f0e8	bd 00 e3	lda $e300,x			lda 	PETFont+$300,x
.f0eb	9d 00 0b	sta $0b00,x			sta 	CSet+$300,x
.f0ee	ca		dex				dex
.f0ef	d0 e5		bne $f0d6			bne 	CopyPetFont
.f0f1	a9 36		lda #$36			lda 	#$36
.f0f3	85 05		sta $05				sta 	$05
.f0f5	a9 10		lda #$10			lda 	#$10
.f0f7	85 04		sta $04				sta 	$04
.f0f9	a3 00		ldz #$00	Halt:	ldz 	#0
.f0fb	ea		nop				nop
.f0fc	b2 04		lda ($04),z			lda		($04),z
.f0fe	f0 f9		beq $f0f9			beq 	Halt
.f100	48		pha				pha
.f101	4a		lsr a				lsr 	a
.f102	4a		lsr a				lsr 	a
.f103	4a		lsr a				lsr 	a
.f104	4a		lsr a				lsr 	a
.f105	20 18 f1	jsr $f118			jsr 	ToHex
.f108	8d 02 10	sta $1002			sta 	Screen+2
.f10b	68		pla				pla
.f10c	20 18 f1	jsr $f118			jsr 	ToHex
.f10f	8d 04 10	sta $1004			sta 	Screen+4
.f112	ea		nop				nop
.f113	92 04		sta ($04),z			sta 	($04),z
.f115	80 e2		bra $f0f9			bra 	Halt
.f117	40		rti		Dummy:	rti
.f118	29 0f		and #$0f	ToHex:	and 	#15
.f11a	c9 0a		cmp #$0a			cmp 	#10
.f11c	90 02		bcc $f120			bcc 	_IsDigit
.f11e	e9 39		sbc #$39			sbc 	#48+9
.f120					_IsDigit:
.f120	69 30		adc #$30			adc 	#48
.f122	60		rts				rts
.f123	60		rts				rts
>fffa	17 f1						.word 	Dummy
>fffc	00 f0						.word 	Start
>fffe	17 f1						.word 	Dummy

;******  End of listing
