
; 64tass Turbo Assembler Macro V1.54.1900 listing file
; 64tass --m4510 -D TARGET=1 -b -L rom.lst -o rom.bin ptest.asm
; Fri Jul 26 10:02:26 2019

;Offset	;Hex		;Monitor	;Source

;******  Command line definitions

=1					TARGET=1

;******  Processing input file: ptest.asm

.fff8					EXTDummyInterrupt:
.fff8	40		rti			rti
>fffa	f8 ff					.word 	EXTDummyInterrupt
>fffc	00 b0					.word 	EXTStartPersonalise
>fffe	f8 ff					.word 	EXTDummyInterrupt
=4					EXTZPWork = 4								; Zero Page work for EXT (4 bytes)
=8					IOCursorX = 8 								; Cursor position
=9					IOCursorY = 9

;******  Processing file: personality_mega65.asm

=40					EXTWidth = 40 								; screen width
=25					EXTHeight = 25 								; screen height
=$2000					EXTLowMemory = $2000 						; Workspace RAM starts here
=$8000					EXTHighMemory = $8000 						; Workspace RAM ends here
=$1000					EXTScreen = $1000							; 2k screen RAM here
=$800					EXTCharSet = $800							; 2k character set (0-7F) here
>0000	00 00					.word 	0 								; forces it to be a 64k ROM (at least)
.a000					EXTCBMFont:
>a000	3c 66 6e 6e 60 62 3c 00			.binary "c64-chargen.rom"
>a008	18 3c 66 7e 66 66 66 00 7c 66 66 7c 66 66 7c 00
>a018	3c 66 60 60 60 66 3c 00 78 6c 66 66 66 6c 78 00
>a028	7e 60 60 78 60 60 7e 00 7e 60 60 78 60 60 60 00
>a038	3c 66 60 6e 66 66 3c 00 66 66 66 7e 66 66 66 00
>a048	3c 18 18 18 18 18 3c 00 1e 0c 0c 0c 0c 6c 38 00
>a058	66 6c 78 70 78 6c 66 00 60 60 60 60 60 60 7e 00
>a068	63 77 7f 6b 63 63 63 00 66 76 7e 7e 6e 66 66 00
>a078	3c 66 66 66 66 66 3c 00 7c 66 66 7c 60 60 60 00
>a088	3c 66 66 66 66 3c 0e 00 7c 66 66 7c 78 6c 66 00
>a098	3c 66 60 3c 06 66 3c 00 7e 18 18 18 18 18 18 00
>a0a8	66 66 66 66 66 66 3c 00 66 66 66 66 66 3c 18 00
>a0b8	63 63 63 6b 7f 77 63 00 66 66 3c 18 3c 66 66 00
>a0c8	66 66 66 3c 18 18 18 00 7e 06 0c 18 30 60 7e 00
>a0d8	3c 30 30 30 30 30 3c 00 0c 12 30 7c 30 62 fc 00
>a0e8	3c 0c 0c 0c 0c 0c 3c 00 00 18 3c 7e 18 18 18 18
>a0f8	00 10 30 7f 7f 30 10 00 00 00 00 00 00 00 00 00
>a108	18 18 18 18 00 00 18 00 66 66 66 00 00 00 00 00
>a118	66 66 ff 66 ff 66 66 00 18 3e 60 3c 06 7c 18 00
>a128	62 66 0c 18 30 66 46 00 3c 66 3c 38 67 66 3f 00
>a138	06 0c 18 00 00 00 00 00 0c 18 30 30 30 18 0c 00
>a148	30 18 0c 0c 0c 18 30 00 00 66 3c ff 3c 66 00 00
>a158	00 18 18 7e 18 18 00 00 00 00 00 00 00 18 18 30
>a168	00 00 00 7e 00 00 00 00 00 00 00 00 00 18 18 00
>a178	00 03 06 0c 18 30 60 00 3c 66 6e 76 66 66 3c 00
>a188	18 18 38 18 18 18 7e 00 3c 66 06 0c 30 60 7e 00
>a198	3c 66 06 1c 06 66 3c 00 06 0e 1e 66 7f 06 06 00
>a1a8	7e 60 7c 06 06 66 3c 00 3c 66 60 7c 66 66 3c 00
>a1b8	7e 66 0c 18 18 18 18 00 3c 66 66 3c 66 66 3c 00
>a1c8	3c 66 66 3e 06 66 3c 00 00 00 18 00 00 18 00 00
>a1d8	00 00 18 00 00 18 18 30 0e 18 30 60 30 18 0e 00
>a1e8	00 00 7e 00 7e 00 00 00 70 18 0c 06 0c 18 70 00
>a1f8	3c 66 06 0c 18 00 18 00 00 00 00 ff ff 00 00 00
>a208	08 1c 3e 7f 7f 1c 3e 00 18 18 18 18 18 18 18 18
>a218	00 00 00 ff ff 00 00 00 00 00 ff ff 00 00 00 00
>a228	00 ff ff 00 00 00 00 00 00 00 00 00 ff ff 00 00
>a238	30 30 30 30 30 30 30 30 0c 0c 0c 0c 0c 0c 0c 0c
>a248	00 00 00 e0 f0 38 18 18 18 18 1c 0f 07 00 00 00
>a258	18 18 38 f0 e0 00 00 00 c0 c0 c0 c0 c0 c0 ff ff
>a268	c0 e0 70 38 1c 0e 07 03 03 07 0e 1c 38 70 e0 c0
>a278	ff ff c0 c0 c0 c0 c0 c0 ff ff 03 03 03 03 03 03
>a288	00 3c 7e 7e 7e 7e 3c 00 00 00 00 00 00 ff ff 00
>a298	36 7f 7f 7f 3e 1c 08 00 60 60 60 60 60 60 60 60
>a2a8	00 00 00 07 0f 1c 18 18 c3 e7 7e 3c 3c 7e e7 c3
>a2b8	00 3c 7e 66 66 7e 3c 00 18 18 66 66 18 18 3c 00
>a2c8	06 06 06 06 06 06 06 06 08 1c 3e 7f 3e 1c 08 00
>a2d8	18 18 18 ff ff 18 18 18 c0 c0 30 30 c0 c0 30 30
>a2e8	18 18 18 18 18 18 18 18 00 00 03 3e 76 36 36 00
>a2f8	ff 7f 3f 1f 0f 07 03 01 00 00 00 00 00 00 00 00
>a308	f0 f0 f0 f0 f0 f0 f0 f0 00 00 00 00 ff ff ff ff
>a318	ff 00 00 00 00 00 00 00 00 00 00 00 00 00 00 ff
>a328	c0 c0 c0 c0 c0 c0 c0 c0 cc cc 33 33 cc cc 33 33
>a338	03 03 03 03 03 03 03 03 00 00 00 00 cc cc 33 33
>a348	ff fe fc f8 f0 e0 c0 80 03 03 03 03 03 03 03 03
>a358	18 18 18 1f 1f 18 18 18 00 00 00 00 0f 0f 0f 0f
>a368	18 18 18 1f 1f 00 00 00 00 00 00 f8 f8 18 18 18
>a378	00 00 00 00 00 00 ff ff 00 00 00 1f 1f 18 18 18
>a388	18 18 18 ff ff 00 00 00 00 00 00 ff ff 18 18 18
>a398	18 18 18 f8 f8 18 18 18 c0 c0 c0 c0 c0 c0 c0 c0
>a3a8	e0 e0 e0 e0 e0 e0 e0 e0 07 07 07 07 07 07 07 07
>a3b8	ff ff 00 00 00 00 00 00 ff ff ff 00 00 00 00 00
>a3c8	00 00 00 00 00 ff ff ff 03 03 03 03 03 03 ff ff
>a3d8	00 00 00 00 f0 f0 f0 f0 0f 0f 0f 0f 00 00 00 00
>a3e8	18 18 18 f8 f8 00 00 00 f0 f0 f0 f0 00 00 00 00
>a3f8	f0 f0 f0 f0 0f 0f 0f 0f c3 99 91 91 9f 99 c3 ff
>a408	e7 c3 99 81 99 99 99 ff 83 99 99 83 99 99 83 ff
>a418	c3 99 9f 9f 9f 99 c3 ff 87 93 99 99 99 93 87 ff
>a428	81 9f 9f 87 9f 9f 81 ff 81 9f 9f 87 9f 9f 9f ff
>a438	c3 99 9f 91 99 99 c3 ff 99 99 99 81 99 99 99 ff
>a448	c3 e7 e7 e7 e7 e7 c3 ff e1 f3 f3 f3 f3 93 c7 ff
>a458	99 93 87 8f 87 93 99 ff 9f 9f 9f 9f 9f 9f 81 ff
>a468	9c 88 80 94 9c 9c 9c ff 99 89 81 81 91 99 99 ff
>a478	c3 99 99 99 99 99 c3 ff 83 99 99 83 9f 9f 9f ff
>a488	c3 99 99 99 99 c3 f1 ff 83 99 99 83 87 93 99 ff
>a498	c3 99 9f c3 f9 99 c3 ff 81 e7 e7 e7 e7 e7 e7 ff
>a4a8	99 99 99 99 99 99 c3 ff 99 99 99 99 99 c3 e7 ff
>a4b8	9c 9c 9c 94 80 88 9c ff 99 99 c3 e7 c3 99 99 ff
>a4c8	99 99 99 c3 e7 e7 e7 ff 81 f9 f3 e7 cf 9f 81 ff
>a4d8	c3 cf cf cf cf cf c3 ff f3 ed cf 83 cf 9d 03 ff
>a4e8	c3 f3 f3 f3 f3 f3 c3 ff ff e7 c3 81 e7 e7 e7 e7
>a4f8	ff ef cf 80 80 cf ef ff ff ff ff ff ff ff ff ff
>a508	e7 e7 e7 e7 ff ff e7 ff 99 99 99 ff ff ff ff ff
>a518	99 99 00 99 00 99 99 ff e7 c1 9f c3 f9 83 e7 ff
>a528	9d 99 f3 e7 cf 99 b9 ff c3 99 c3 c7 98 99 c0 ff
>a538	f9 f3 e7 ff ff ff ff ff f3 e7 cf cf cf e7 f3 ff
>a548	cf e7 f3 f3 f3 e7 cf ff ff 99 c3 00 c3 99 ff ff
>a558	ff e7 e7 81 e7 e7 ff ff ff ff ff ff ff e7 e7 cf
>a568	ff ff ff 81 ff ff ff ff ff ff ff ff ff e7 e7 ff
>a578	ff fc f9 f3 e7 cf 9f ff c3 99 91 89 99 99 c3 ff
>a588	e7 e7 c7 e7 e7 e7 81 ff c3 99 f9 f3 cf 9f 81 ff
>a598	c3 99 f9 e3 f9 99 c3 ff f9 f1 e1 99 80 f9 f9 ff
>a5a8	81 9f 83 f9 f9 99 c3 ff c3 99 9f 83 99 99 c3 ff
>a5b8	81 99 f3 e7 e7 e7 e7 ff c3 99 99 c3 99 99 c3 ff
>a5c8	c3 99 99 c1 f9 99 c3 ff ff ff e7 ff ff e7 ff ff
>a5d8	ff ff e7 ff ff e7 e7 cf f1 e7 cf 9f cf e7 f1 ff
>a5e8	ff ff 81 ff 81 ff ff ff 8f e7 f3 f9 f3 e7 8f ff
>a5f8	c3 99 f9 f3 e7 ff e7 ff ff ff ff 00 00 ff ff ff
>a608	f7 e3 c1 80 80 e3 c1 ff e7 e7 e7 e7 e7 e7 e7 e7
>a618	ff ff ff 00 00 ff ff ff ff ff 00 00 ff ff ff ff
>a628	ff 00 00 ff ff ff ff ff ff ff ff ff 00 00 ff ff
>a638	cf cf cf cf cf cf cf cf f3 f3 f3 f3 f3 f3 f3 f3
>a648	ff ff ff 1f 0f c7 e7 e7 e7 e7 e3 f0 f8 ff ff ff
>a658	e7 e7 c7 0f 1f ff ff ff 3f 3f 3f 3f 3f 3f 00 00
>a668	3f 1f 8f c7 e3 f1 f8 fc fc f8 f1 e3 c7 8f 1f 3f
>a678	00 00 3f 3f 3f 3f 3f 3f 00 00 fc fc fc fc fc fc
>a688	ff c3 81 81 81 81 c3 ff ff ff ff ff ff 00 00 ff
>a698	c9 80 80 80 c1 e3 f7 ff 9f 9f 9f 9f 9f 9f 9f 9f
>a6a8	ff ff ff f8 f0 e3 e7 e7 3c 18 81 c3 c3 81 18 3c
>a6b8	ff c3 81 99 99 81 c3 ff e7 e7 99 99 e7 e7 c3 ff
>a6c8	f9 f9 f9 f9 f9 f9 f9 f9 f7 e3 c1 80 c1 e3 f7 ff
>a6d8	e7 e7 e7 00 00 e7 e7 e7 3f 3f cf cf 3f 3f cf cf
>a6e8	e7 e7 e7 e7 e7 e7 e7 e7 ff ff fc c1 89 c9 c9 ff
>a6f8	00 80 c0 e0 f0 f8 fc fe ff ff ff ff ff ff ff ff
>a708	0f 0f 0f 0f 0f 0f 0f 0f ff ff ff ff 00 00 00 00
>a718	00 ff ff ff ff ff ff ff ff ff ff ff ff ff ff 00
>a728	3f 3f 3f 3f 3f 3f 3f 3f 33 33 cc cc 33 33 cc cc
>a738	fc fc fc fc fc fc fc fc ff ff ff ff 33 33 cc cc
>a748	00 01 03 07 0f 1f 3f 7f fc fc fc fc fc fc fc fc
>a758	e7 e7 e7 e0 e0 e7 e7 e7 ff ff ff ff f0 f0 f0 f0
>a768	e7 e7 e7 e0 e0 ff ff ff ff ff ff 07 07 e7 e7 e7
>a778	ff ff ff ff ff ff 00 00 ff ff ff e0 e0 e7 e7 e7
>a788	e7 e7 e7 00 00 ff ff ff ff ff ff 00 00 e7 e7 e7
>a798	e7 e7 e7 07 07 e7 e7 e7 3f 3f 3f 3f 3f 3f 3f 3f
>a7a8	1f 1f 1f 1f 1f 1f 1f 1f f8 f8 f8 f8 f8 f8 f8 f8
>a7b8	00 00 ff ff ff ff ff ff 00 00 00 ff ff ff ff ff
>a7c8	ff ff ff ff ff 00 00 00 fc fc fc fc fc fc 00 00
>a7d8	ff ff ff ff 0f 0f 0f 0f f0 f0 f0 f0 ff ff ff ff
>a7e8	e7 e7 e7 07 07 ff ff ff 0f 0f 0f 0f ff ff ff ff
>a7f8	0f 0f 0f 0f f0 f0 f0 f0 3c 66 6e 6e 60 62 3c 00
>a808	00 00 3c 06 3e 66 3e 00 00 60 60 7c 66 66 7c 00
>a818	00 00 3c 60 60 60 3c 00 00 06 06 3e 66 66 3e 00
>a828	00 00 3c 66 7e 60 3c 00 00 0e 18 3e 18 18 18 00
>a838	00 00 3e 66 66 3e 06 7c 00 60 60 7c 66 66 66 00
>a848	00 18 00 38 18 18 3c 00 00 06 00 06 06 06 06 3c
>a858	00 60 60 6c 78 6c 66 00 00 38 18 18 18 18 3c 00
>a868	00 00 66 7f 7f 6b 63 00 00 00 7c 66 66 66 66 00
>a878	00 00 3c 66 66 66 3c 00 00 00 7c 66 66 7c 60 60
>a888	00 00 3e 66 66 3e 06 06 00 00 7c 66 60 60 60 00
>a898	00 00 3e 60 3c 06 7c 00 00 18 7e 18 18 18 0e 00
>a8a8	00 00 66 66 66 66 3e 00 00 00 66 66 66 3c 18 00
>a8b8	00 00 63 6b 7f 3e 36 00 00 00 66 3c 18 3c 66 00
>a8c8	00 00 66 66 66 3e 0c 78 00 00 7e 0c 18 30 7e 00
>a8d8	3c 30 30 30 30 30 3c 00 0c 12 30 7c 30 62 fc 00
>a8e8	3c 0c 0c 0c 0c 0c 3c 00 00 18 3c 7e 18 18 18 18
>a8f8	00 10 30 7f 7f 30 10 00 00 00 00 00 00 00 00 00
>a908	18 18 18 18 00 00 18 00 66 66 66 00 00 00 00 00
>a918	66 66 ff 66 ff 66 66 00 18 3e 60 3c 06 7c 18 00
>a928	62 66 0c 18 30 66 46 00 3c 66 3c 38 67 66 3f 00
>a938	06 0c 18 00 00 00 00 00 0c 18 30 30 30 18 0c 00
>a948	30 18 0c 0c 0c 18 30 00 00 66 3c ff 3c 66 00 00
>a958	00 18 18 7e 18 18 00 00 00 00 00 00 00 18 18 30
>a968	00 00 00 7e 00 00 00 00 00 00 00 00 00 18 18 00
>a978	00 03 06 0c 18 30 60 00 3c 66 6e 76 66 66 3c 00
>a988	18 18 38 18 18 18 7e 00 3c 66 06 0c 30 60 7e 00
>a998	3c 66 06 1c 06 66 3c 00 06 0e 1e 66 7f 06 06 00
>a9a8	7e 60 7c 06 06 66 3c 00 3c 66 60 7c 66 66 3c 00
>a9b8	7e 66 0c 18 18 18 18 00 3c 66 66 3c 66 66 3c 00
>a9c8	3c 66 66 3e 06 66 3c 00 00 00 18 00 00 18 00 00
>a9d8	00 00 18 00 00 18 18 30 0e 18 30 60 30 18 0e 00
>a9e8	00 00 7e 00 7e 00 00 00 70 18 0c 06 0c 18 70 00
>a9f8	3c 66 06 0c 18 00 18 00 00 00 00 ff ff 00 00 00
>aa08	18 3c 66 7e 66 66 66 00 7c 66 66 7c 66 66 7c 00
>aa18	3c 66 60 60 60 66 3c 00 78 6c 66 66 66 6c 78 00
>aa28	7e 60 60 78 60 60 7e 00 7e 60 60 78 60 60 60 00
>aa38	3c 66 60 6e 66 66 3c 00 66 66 66 7e 66 66 66 00
>aa48	3c 18 18 18 18 18 3c 00 1e 0c 0c 0c 0c 6c 38 00
>aa58	66 6c 78 70 78 6c 66 00 60 60 60 60 60 60 7e 00
>aa68	63 77 7f 6b 63 63 63 00 66 76 7e 7e 6e 66 66 00
>aa78	3c 66 66 66 66 66 3c 00 7c 66 66 7c 60 60 60 00
>aa88	3c 66 66 66 66 3c 0e 00 7c 66 66 7c 78 6c 66 00
>aa98	3c 66 60 3c 06 66 3c 00 7e 18 18 18 18 18 18 00
>aaa8	66 66 66 66 66 66 3c 00 66 66 66 66 66 3c 18 00
>aab8	63 63 63 6b 7f 77 63 00 66 66 3c 18 3c 66 66 00
>aac8	66 66 66 3c 18 18 18 00 7e 06 0c 18 30 60 7e 00
>aad8	18 18 18 ff ff 18 18 18 c0 c0 30 30 c0 c0 30 30
>aae8	18 18 18 18 18 18 18 18 33 33 cc cc 33 33 cc cc
>aaf8	33 99 cc 66 33 99 cc 66 00 00 00 00 00 00 00 00
>ab08	f0 f0 f0 f0 f0 f0 f0 f0 00 00 00 00 ff ff ff ff
>ab18	ff 00 00 00 00 00 00 00 00 00 00 00 00 00 00 ff
>ab28	c0 c0 c0 c0 c0 c0 c0 c0 cc cc 33 33 cc cc 33 33
>ab38	03 03 03 03 03 03 03 03 00 00 00 00 cc cc 33 33
>ab48	cc 99 33 66 cc 99 33 66 03 03 03 03 03 03 03 03
>ab58	18 18 18 1f 1f 18 18 18 00 00 00 00 0f 0f 0f 0f
>ab68	18 18 18 1f 1f 00 00 00 00 00 00 f8 f8 18 18 18
>ab78	00 00 00 00 00 00 ff ff 00 00 00 1f 1f 18 18 18
>ab88	18 18 18 ff ff 00 00 00 00 00 00 ff ff 18 18 18
>ab98	18 18 18 f8 f8 18 18 18 c0 c0 c0 c0 c0 c0 c0 c0
>aba8	e0 e0 e0 e0 e0 e0 e0 e0 07 07 07 07 07 07 07 07
>abb8	ff ff 00 00 00 00 00 00 ff ff ff 00 00 00 00 00
>abc8	00 00 00 00 00 ff ff ff 01 03 06 6c 78 70 60 00
>abd8	00 00 00 00 f0 f0 f0 f0 0f 0f 0f 0f 00 00 00 00
>abe8	18 18 18 f8 f8 00 00 00 f0 f0 f0 f0 00 00 00 00
>abf8	f0 f0 f0 f0 0f 0f 0f 0f c3 99 91 91 9f 99 c3 ff
>ac08	ff ff c3 f9 c1 99 c1 ff ff 9f 9f 83 99 99 83 ff
>ac18	ff ff c3 9f 9f 9f c3 ff ff f9 f9 c1 99 99 c1 ff
>ac28	ff ff c3 99 81 9f c3 ff ff f1 e7 c1 e7 e7 e7 ff
>ac38	ff ff c1 99 99 c1 f9 83 ff 9f 9f 83 99 99 99 ff
>ac48	ff e7 ff c7 e7 e7 c3 ff ff f9 ff f9 f9 f9 f9 c3
>ac58	ff 9f 9f 93 87 93 99 ff ff c7 e7 e7 e7 e7 c3 ff
>ac68	ff ff 99 80 80 94 9c ff ff ff 83 99 99 99 99 ff
>ac78	ff ff c3 99 99 99 c3 ff ff ff 83 99 99 83 9f 9f
>ac88	ff ff c1 99 99 c1 f9 f9 ff ff 83 99 9f 9f 9f ff
>ac98	ff ff c1 9f c3 f9 83 ff ff e7 81 e7 e7 e7 f1 ff
>aca8	ff ff 99 99 99 99 c1 ff ff ff 99 99 99 c3 e7 ff
>acb8	ff ff 9c 94 80 c1 c9 ff ff ff 99 c3 e7 c3 99 ff
>acc8	ff ff 99 99 99 c1 f3 87 ff ff 81 f3 e7 cf 81 ff
>acd8	c3 cf cf cf cf cf c3 ff f3 ed cf 83 cf 9d 03 ff
>ace8	c3 f3 f3 f3 f3 f3 c3 ff ff e7 c3 81 e7 e7 e7 e7
>acf8	ff ef cf 80 80 cf ef ff ff ff ff ff ff ff ff ff
>ad08	e7 e7 e7 e7 ff ff e7 ff 99 99 99 ff ff ff ff ff
>ad18	99 99 00 99 00 99 99 ff e7 c1 9f c3 f9 83 e7 ff
>ad28	9d 99 f3 e7 cf 99 b9 ff c3 99 c3 c7 98 99 c0 ff
>ad38	f9 f3 e7 ff ff ff ff ff f3 e7 cf cf cf e7 f3 ff
>ad48	cf e7 f3 f3 f3 e7 cf ff ff 99 c3 00 c3 99 ff ff
>ad58	ff e7 e7 81 e7 e7 ff ff ff ff ff ff ff e7 e7 cf
>ad68	ff ff ff 81 ff ff ff ff ff ff ff ff ff e7 e7 ff
>ad78	ff fc f9 f3 e7 cf 9f ff c3 99 91 89 99 99 c3 ff
>ad88	e7 e7 c7 e7 e7 e7 81 ff c3 99 f9 f3 cf 9f 81 ff
>ad98	c3 99 f9 e3 f9 99 c3 ff f9 f1 e1 99 80 f9 f9 ff
>ada8	81 9f 83 f9 f9 99 c3 ff c3 99 9f 83 99 99 c3 ff
>adb8	81 99 f3 e7 e7 e7 e7 ff c3 99 99 c3 99 99 c3 ff
>adc8	c3 99 99 c1 f9 99 c3 ff ff ff e7 ff ff e7 ff ff
>add8	ff ff e7 ff ff e7 e7 cf f1 e7 cf 9f cf e7 f1 ff
>ade8	ff ff 81 ff 81 ff ff ff 8f e7 f3 f9 f3 e7 8f ff
>adf8	c3 99 f9 f3 e7 ff e7 ff ff ff ff 00 00 ff ff ff
>ae08	e7 c3 99 81 99 99 99 ff 83 99 99 83 99 99 83 ff
>ae18	c3 99 9f 9f 9f 99 c3 ff 87 93 99 99 99 93 87 ff
>ae28	81 9f 9f 87 9f 9f 81 ff 81 9f 9f 87 9f 9f 9f ff
>ae38	c3 99 9f 91 99 99 c3 ff 99 99 99 81 99 99 99 ff
>ae48	c3 e7 e7 e7 e7 e7 c3 ff e1 f3 f3 f3 f3 93 c7 ff
>ae58	99 93 87 8f 87 93 99 ff 9f 9f 9f 9f 9f 9f 81 ff
>ae68	9c 88 80 94 9c 9c 9c ff 99 89 81 81 91 99 99 ff
>ae78	c3 99 99 99 99 99 c3 ff 83 99 99 83 9f 9f 9f ff
>ae88	c3 99 99 99 99 c3 f1 ff 83 99 99 83 87 93 99 ff
>ae98	c3 99 9f c3 f9 99 c3 ff 81 e7 e7 e7 e7 e7 e7 ff
>aea8	99 99 99 99 99 99 c3 ff 99 99 99 99 99 c3 e7 ff
>aeb8	9c 9c 9c 94 80 88 9c ff 99 99 c3 e7 c3 99 99 ff
>aec8	99 99 99 c3 e7 e7 e7 ff 81 f9 f3 e7 cf 9f 81 ff
>aed8	e7 e7 e7 00 00 e7 e7 e7 3f 3f cf cf 3f 3f cf cf
>aee8	e7 e7 e7 e7 e7 e7 e7 e7 cc cc 33 33 cc cc 33 33
>aef8	cc 66 33 99 cc 66 33 99 ff ff ff ff ff ff ff ff
>af08	0f 0f 0f 0f 0f 0f 0f 0f ff ff ff ff 00 00 00 00
>af18	00 ff ff ff ff ff ff ff ff ff ff ff ff ff ff 00
>af28	3f 3f 3f 3f 3f 3f 3f 3f 33 33 cc cc 33 33 cc cc
>af38	fc fc fc fc fc fc fc fc ff ff ff ff 33 33 cc cc
>af48	33 66 cc 99 33 66 cc 99 fc fc fc fc fc fc fc fc
>af58	e7 e7 e7 e0 e0 e7 e7 e7 ff ff ff ff f0 f0 f0 f0
>af68	e7 e7 e7 e0 e0 ff ff ff ff ff ff 07 07 e7 e7 e7
>af78	ff ff ff ff ff ff 00 00 ff ff ff e0 e0 e7 e7 e7
>af88	e7 e7 e7 00 00 ff ff ff ff ff ff 00 00 e7 e7 e7
>af98	e7 e7 e7 07 07 e7 e7 e7 3f 3f 3f 3f 3f 3f 3f 3f
>afa8	1f 1f 1f 1f 1f 1f 1f 1f f8 f8 f8 f8 f8 f8 f8 f8
>afb8	00 00 ff ff ff ff ff ff 00 00 00 ff ff ff ff ff
>afc8	ff ff ff ff ff 00 00 00 fe fc f9 93 87 8f 9f ff
>afd8	ff ff ff ff 0f 0f 0f 0f f0 f0 f0 f0 ff ff ff ff
>afe8	e7 e7 e7 07 07 ff ff ff 0f 0f 0f 0f ff ff ff ff
>aff8	0f 0f 0f 0f f0 f0 f0 f0
.b000					EXTStartPersonalise:
.b000	a2 ff		ldx #$ff		ldx 	#$FF 							; reset 6502 stack.
.b002	9a		txs			txs
.b003	20 a3 b0	jsr $b0a3		jsr 	EXTReset 						; reset video
.b006	20 4b b0	jsr $b04b		jsr 	EXTClearScreen 					; clear screen
.b009	4c ea b1	jmp $b1ea		jmp 	Start 							; start main application
.b00c					EXTReadKey:
.b00c	db		phz			phz
.b00d	a9 0f		lda #$0f		lda 	#$0F 							; set up to write to read keyboard.
.b00f	85 07		sta $07			sta 	EXTZPWork+3
.b011	a9 fd		lda #$fd		lda 	#$FD
.b013	85 06		sta $06			sta 	EXTZPWork+2
.b015	a9 36		lda #$36		lda 	#$36
.b017	85 05		sta $05			sta 	EXTZPWork+1
.b019	a9 10		lda #$10		lda 	#$10
.b01b	85 04		sta $04			sta 	EXTZPWork+0
.b01d	a3 00		ldz #$00		ldz 	#0
.b01f	ea		nop			nop 									; read keyboard
.b020	b2 04		lda ($04),z		lda 	(EXTZPWork),z
.b022	f0 06		beq $b02a		beq 	_EXTRKExit
.b024	48		pha			pha 									; save key
.b025	6b		tza			tza 									; reset input
.b026	ea		nop			nop
.b027	92 04		sta ($04),z		sta 	(EXTZPWork),z
.b029	68		pla			pla 									; restore/return value
.b02a					_EXTRKExit:
.b02a	fb		plz			plz
.b02b	09 00		ora #$00		ora 	#0 								; set Z
.b02d	60		rts			rts
.b02e					EXTReadScreen:
.b02e	5a		phy			phy 										; save Y
.b02f	8a		txa			txa 										; multiply XY by 2
.b030	0a		asl a			asl 	a
.b031	85 04		sta $04			sta 	EXTZPWork							; into EXTZPWork
.b033	98		tya			tya
.b034	2a		rol a			rol 	a
.b035	09 10		ora #$10		ora 	#EXTScreen>>8 						; move into screen area
.b037	85 05		sta $05			sta 	EXTZPWork+1 						; read character there
.b039	a0 00		ldy #$00		ldy 	#0
.b03b	b1 04		lda ($04),y		lda 	(EXTZPWork),y
.b03d	7a		ply			ply 										; restore Y and exit.
.b03e	60		rts			rts
.b03f					EXTWriteScreen:
.b03f	5a		phy			phy
.b040	48		pha			pha
.b041	20 2e b0	jsr $b02e		jsr		EXTReadScreen 						; set up the address into EXTZPWork
.b044	a0 00		ldy #$00		ldy 	#0
.b046	68		pla			pla 										; restore and write.
.b047	91 04		sta ($04),y		sta 	(EXTZPWork),y
.b049	7a		ply			ply
.b04a	60		rts			rts
.b04b					EXTClearScreen:
.b04b	48		pha			pha 										; save registers
.b04c	5a		phy			phy
.b04d	a9 00		lda #$00		lda 	#EXTScreen & $FF 					; set up pointer
.b04f	85 04		sta $04			sta 	EXTZPWork
.b051	a9 10		lda #$10		lda 	#EXTScreen >> 8
.b053	85 05		sta $05			sta 	EXTZPWork+1
.b055	a0 00		ldy #$00		ldy 	#0
.b057					_EXTCSLoop:
.b057	a9 20		lda #$20		lda 	#32
.b059	91 04		sta ($04),y		sta 	(EXTZPWork),y
.b05b	c8		iny			iny
.b05c	a9 00		lda #$00		lda 	#0
.b05e	91 04		sta ($04),y		sta 	(EXTZPWork),y
.b060	c8		iny			iny
.b061	d0 f4		bne $b057		bne 	_EXTCSLoop
.b063	e6 05		inc $05			inc 	EXTZPWork+1 						; next screen page
.b065	a5 05		lda $05			lda 	EXTZPWork+1
.b067	c9 18		cmp #$18		cmp 	#(EXTScreen>>8)+8 					; done 2k ?
.b069	d0 ec		bne $b057		bne 	_EXTCSLoop
.b06b	7a		ply			ply 										; restore
.b06c	68		pla			pla
.b06d	60		rts			rts
.b06e					EXTScrollDisplay:
.b06e	48		pha			pha 										; save registers
.b06f	5a		phy			phy
.b070	a9 00		lda #$00		lda 	#EXTScreen & $FF 					; set pointer to screen
.b072	85 04		sta $04			sta 	EXTZPWork+0
.b074	a9 10		lda #$10		lda 	#EXTScreen >> 8
.b076	85 05		sta $05			sta 	EXTZPWork+1
.b078					_EXTScroll:
.b078	a0 50		ldy #$50		ldy 	#EXTWidth*2 						; x 2 because of two byte format.
.b07a	b1 04		lda ($04),y		lda 	(EXTZPWork),y
.b07c	a0 00		ldy #$00		ldy 	#0
.b07e	91 04		sta ($04),y		sta 	(EXTZPWork),y
.b080	e6 04		inc $04			inc 	EXTZPWork 							; bump address
.b082	e6 04		inc $04			inc 	EXTZPWork
.b084	d0 02		bne $b088		bne 	_EXTNoCarry
.b086	e6 05		inc $05			inc 	EXTZPWork+1
.b088					_EXTNoCarry:
.b088	a5 04		lda $04			lda 	EXTZPWork 							; done ?
.b08a	c9 80		cmp #$80		cmp	 	#(EXTScreen+2*EXTWidth*(EXTHeight-1)) & $FF
.b08c	d0 ea		bne $b078		bne 	_EXTScroll
.b08e	a5 05		lda $05			lda 	EXTZPWork+1
.b090	c9 17		cmp #$17		cmp	 	#(EXTScreen+2*EXTWidth*(EXTHeight-1)) >> 8
.b092	d0 e4		bne $b078		bne 	_EXTScroll
.b094	a0 00		ldy #$00		ldy 	#0									; clear bottom line.
.b096					_EXTLastLine:
.b096	a9 20		lda #$20		lda 	#32
.b098	91 04		sta ($04),y		sta 	(EXTZPWork),y
.b09a	c8		iny			iny
.b09b	c8		iny			iny
.b09c	c0 50		cpy #$50		cpy 	#EXTWidth*2
.b09e	d0 f6		bne $b096		bne 	_EXTLastLine
.b0a0	7a		ply			ply 										; restore and exit.
.b0a1	68		pla			pla
.b0a2	60		rts			rts
.b0a3					EXTReset:
.b0a3	48		pha			pha 									; save registers
.b0a4	da		phx			phx
.b0a5	5a		phy			phy
.b0a6	a9 0f		lda #$0f		lda 	#$0F 							; set up to write to video system.
.b0a8	85 07		sta $07			sta 	EXTZPWork+3
.b0aa	a9 fd		lda #$fd		lda 	#$FD
.b0ac	85 06		sta $06			sta 	EXTZPWork+2
.b0ae	a9 30		lda #$30		lda 	#$30
.b0b0	85 05		sta $05			sta 	EXTZPWork+1
.b0b2	a9 00		lda #$00		lda 	#$00
.b0b4	85 04		sta $04			sta 	EXTZPWork+0
.b0b6	a3 30		ldz #$30		ldz 	#$30 							; address already set up
.b0b8	a9 40		lda #$40		lda 	#$40
.b0ba	ea		nop			nop
.b0bb	92 04		sta ($04),z		sta 	(EXTZPWork),z
.b0bd	a3 20		ldz #$20		ldz 	#$20 							; address already set up
.b0bf	a9 00		lda #$00		lda 	#$00
.b0c1	ea		nop			nop
.b0c2	92 04		sta ($04),z		sta 	(EXTZPWork),z
.b0c4	a3 21		ldz #$21		ldz 	#$21 							; address already set up
.b0c6	a9 00		lda #$00		lda 	#$00
.b0c8	ea		nop			nop
.b0c9	92 04		sta ($04),z		sta 	(EXTZPWork),z
.b0cb	a3 6f		ldz #$6f		ldz 	#$6F 							; address already set up
.b0cd	a9 60		lda #$60		lda 	#$60
.b0cf	ea		nop			nop
.b0d0	92 04		sta ($04),z		sta 	(EXTZPWork),z
.b0d2	a3 18		ldz #$18		ldz 	#$18 							; address already set up
.b0d4	a9 42		lda #$42		lda 	#$42
.b0d6	ea		nop			nop
.b0d7	92 04		sta ($04),z		sta 	(EXTZPWork),z
.b0d9	a3 11		ldz #$11		ldz 	#$11 							; address already set up
.b0db	a9 1b		lda #$1b		lda 	#$1B
.b0dd	ea		nop			nop
.b0de	92 04		sta ($04),z		sta 	(EXTZPWork),z
.b0e0	a3 16		ldz #$16		ldz 	#$16 							; address already set up
.b0e2	a9 c8		lda #$c8		lda 	#$C8
.b0e4	ea		nop			nop
.b0e5	92 04		sta ($04),z		sta 	(EXTZPWork),z
.b0e7	a3 54		ldz #$54		ldz 	#$54 							; address already set up
.b0e9	a9 c5		lda #$c5		lda 	#$C5
.b0eb	ea		nop			nop
.b0ec	92 04		sta ($04),z		sta 	(EXTZPWork),z
.b0ee	a3 58		ldz #$58		ldz 	#$58 							; address already set up
.b0f0	a9 50		lda #$50		lda 	#80
.b0f2	ea		nop			nop
.b0f3	92 04		sta ($04),z		sta 	(EXTZPWork),z
.b0f5	a3 59		ldz #$59		ldz 	#$59 							; address already set up
.b0f7	a9 00		lda #$00		lda 	#0
.b0f9	ea		nop			nop
.b0fa	92 04		sta ($04),z		sta 	(EXTZPWork),z
.b0fc	a3 00		ldz #$00		ldz 	#$00 							; address already set up
.b0fe	a9 ff		lda #$ff		lda 	#$FF
.b100	ea		nop			nop
.b101	92 04		sta ($04),z		sta 	(EXTZPWork),z
.b103	a3 01		ldz #$01		ldz 	#$01 							; address already set up
.b105	a9 ff		lda #$ff		lda 	#$FF
.b107	ea		nop			nop
.b108	92 04		sta ($04),z		sta 	(EXTZPWork),z
.b10a	a3 30		ldz #$30		ldz 	#$30 							; address already set up
.b10c	a9 04		lda #$04		lda 	#4
.b10e	ea		nop			nop
.b10f	92 04		sta ($04),z		sta 	(EXTZPWork),z
.b111	a3 70		ldz #$70		ldz 	#$70 							; address already set up
.b113	a9 ff		lda #$ff		lda 	#$FF
.b115	ea		nop			nop
.b116	92 04		sta ($04),z		sta 	(EXTZPWork),z
.b118	a9 00		lda #$00		lda 	#$00							; colour RAM at $1F800-1FFFF (2kb)
.b11a	85 07		sta $07			sta 	EXTZPWork+3
.b11c	a9 01		lda #$01		lda 	#$01
.b11e	85 06		sta $06			sta 	EXTZPWork+2
.b120	a9 f8		lda #$f8		lda 	#$F8
.b122	85 05		sta $05			sta 	EXTZPWork+1
.b124	a9 00		lda #$00		lda 	#$00
.b126	85 04		sta $04			sta 	EXTZPWork+0
.b128	a3 00		ldz #$00		ldz 	#0
.b12a					_EXTClearColorRam:
.b12a	a9 08		lda #$08		lda 	#8 								; fill that with this colour.
.b12c	ea		nop			nop
.b12d	92 04		sta ($04),z		sta 	(EXTZPWork),z
.b12f	3b		dez			dez
.b130	d0 f8		bne $b12a		bne 	_EXTClearColorRam
.b132	e6 05		inc $05			inc 	EXTZPWork+1
.b134	d0 f4		bne $b12a		bne 	_EXTClearColorRam
.b136	a2 00		ldx #$00		ldx 	#0 								; copy PET Font into memory.
.b138					_EXTCopyCBMFont:
.b138	bd 00 a0	lda $a000,x		lda 	EXTCBMFont,x
.b13b	9d 00 08	sta $0800,x		sta 	EXTCharSet,x
.b13e	bd 00 a1	lda $a100,x		lda 	EXTCBMFont+$100,x
.b141	9d 00 09	sta $0900,x		sta 	EXTCharSet+$100,x
.b144	bd 00 a2	lda $a200,x		lda 	EXTCBMFont+$200,x
.b147	9d 00 0a	sta $0a00,x		sta 	EXTCharSet+$200,x
.b14a	bd 00 a3	lda $a300,x		lda 	EXTCBMFont+$300,x
.b14d	9d 00 0b	sta $0b00,x		sta 	EXTCharSet+$300,x
.b150	ca		dex			dex
.b151	d0 e5		bne $b138		bne 	_EXTCopyCBMFont
.b153	7a		ply			ply 									; restore and exit.
.b154	fa		plx			plx
.b155	68		pla			pla
.b156	60		rts			rts

;******  Return to file: ptest.asm


;******  Processing file: personality_io.asm

.b157					IOInitialise:
.b157	20 a3 b0	jsr $b0a3			jsr 	EXTReset 					; reset display.
.b15a	20 4b b0	jsr $b04b			jsr 	EXTClearScreen 				; clear screen.
.b15d	48		pha				pha
.b15e	a9 00		lda #$00			lda 	#00 						; home cursor
.b160	85 08		sta $08				sta 	IOCursorX
.b162	85 09		sta $09				sta 	IOCursorY
.b164	68		pla				pla
.b165	60		rts				rts
.b166					IOPrintChar:
.b166	48		pha				pha 								; save registers
.b167	da		phx				phx
.b168	5a		phy				phy
.b169	29 7f		and #$7f			and 	#$7F 						; bits 0-6 only
.b16b	20 b9 b1	jsr $b1b9			jsr 	IOUpperCase 				; convert to upper case.
.b16e	c9 0d		cmp #$0d			cmp 	#13 						; new line ?
.b170	f0 16		beq $b188			beq 	_IOPCNewLine
.b172	c9 20		cmp #$20			cmp 	#32 						; not printable.
.b174	90 23		bcc $b199			bcc 	_IOPCExit
.b176	48		pha				pha 								; print at cursor
.b177	20 c5 b1	jsr $b1c5			jsr 	IOGetCursorXY
.b17a	68		pla				pla
.b17b	29 3f		and #$3f			and 	#$3F 						; 6 Bit ASCII
.b17d	20 3f b0	jsr $b03f			jsr 	EXTWriteScreen
.b180	e6 08		inc $08				inc 	IOCursorX 					; move left.
.b182	a5 08		lda $08				lda 	IOCursorX
.b184	c9 28		cmp #$28			cmp		#EXTWidth 					; will be zero if at RHS
.b186	d0 11		bne $b199			bne 	_IOPCExit 					; exit otherwise
.b188					_IOPCNewLine:
.b188	a9 00		lda #$00			lda 	#0 							; go down and to lhs
.b18a	85 08		sta $08				sta 	IOCursorX
.b18c	e6 09		inc $09				inc 	IOCursorY
.b18e	a5 09		lda $09				lda 	IOCursorY 					; off bottom
.b190	c9 19		cmp #$19			cmp 	#EXTHeight
.b192	90 05		bcc $b199			bcc 	_IOPCExit
.b194	20 6e b0	jsr $b06e			jsr 	EXTScrollDisplay 			; scroll
.b197	c6 09		dec $09				dec 	IOCursorY 					; fix up.
.b199					_IOPCExit:
.b199	7a		ply				ply
.b19a	fa		plx				plx
.b19b	68		pla				pla
.b19c	60		rts				rts
.b19d					IOReadKey:
.b19d	da		phx				phx 								; save XY
.b19e	5a		phy				phy
.b19f	20 c5 b1	jsr $b1c5			jsr 	IOGetCursorXY 				; show prompt
.b1a2	a9 1d		lda #$1d			lda 	#$1D
.b1a4	20 3f b0	jsr $b03f			jsr  	EXTWriteScreen
.b1a7					_IORKWait:
.b1a7	20 0c b0	jsr $b00c			jsr 	EXTReadKey
.b1aa	f0 fb		beq $b1a7			beq 	_IORKWait
.b1ac	48		pha				pha 								; clear prompt
.b1ad	20 c5 b1	jsr $b1c5			jsr 	IOGetCursorXY
.b1b0	a9 20		lda #$20			lda 	#" "
.b1b2	20 3f b0	jsr $b03f			jsr  	EXTWriteScreen
.b1b5	68		pla				pla
.b1b6	7a		ply				ply 								; restore and exit.
.b1b7	fa		plx				plx
.b1b8	60		rts				rts
.b1b9					IOUpperCase:
.b1b9	c9 61		cmp #$61			cmp 	#"a"
.b1bb	90 07		bcc $b1c4			bcc 	_IOUCExit
.b1bd	c9 7b		cmp #$7b			cmp 	#"z"+1
.b1bf	b0 03		bcs $b1c4			bcs 	_IOUCExit
.b1c1	38		sec				sec
.b1c2	e9 20		sbc #$20			sbc 	#32
.b1c4					_IOUCExit:
.b1c4	60		rts				rts
.b1c5					IOGetCursorXY:
.b1c5	48		pha				pha
.b1c6	a5 09		lda $09				lda 	IOCursorY 					; multiply IOCursorY x 5
.b1c8	0a		asl a				asl		a
.b1c9	0a		asl a				asl		a 							; x 4, carry clear
.b1ca	65 09		adc $09				adc 	IOCursorY 					; so this will be 0..199 now
.b1cc	aa		tax				tax
.b1cd	8a		txa				txa 								; x 10
.b1ce	0a		asl a				asl 	a
.b1cf	aa		tax				tax
.b1d0	a9 00		lda #$00			lda 	#0
.b1d2	2a		rol a				rol 	a
.b1d3	a8		tay				tay
.b1d4	8a		txa				txa 								; x 20
.b1d5	0a		asl a				asl 	a
.b1d6	aa		tax				tax
.b1d7	98		tya				tya
.b1d8	2a		rol a				rol 	a
.b1d9	a8		tay				tay
.b1da	8a		txa				txa 								; x 40
.b1db	0a		asl a				asl 	a
.b1dc	aa		tax				tax
.b1dd	98		tya				tya
.b1de	2a		rol a				rol 	a
.b1df	a8		tay				tay
.b1e0	8a		txa				txa 								; add X to that.
.b1e1	18		clc				clc
.b1e2	65 08		adc $08				adc 	IOCursorX
.b1e4	aa		tax				tax
.b1e5	90 01		bcc $b1e8			bcc 	_IOGCXYExit
.b1e7	c8		iny				iny
.b1e8					_IOGCXYExit:
.b1e8	68		pla				pla
.b1e9	60		rts				rts

;******  Return to file: ptest.asm

.b1ea					Start:
.b1ea	20 57 b1	jsr $b157		jsr 	IOInitialise
.b1ed					Loop:
.b1ed	20 9d b1	jsr $b19d		jsr 	IOReadKey
.b1f0	20 66 b1	jsr $b166		jsr 	IOPrintChar
.b1f3	80 f8		bra $b1ed		bra 	Loop

;******  End of listing
